resolve3 C:\Users\prueker\AppData\Local\Temp\pak23764.0\00_XlShared.vcxproj_v8 C:\Users\prueker\AppData\Local\Temp\pak23764.0\00_XlShared.vcxproj_v8_changed D:\Office\dev\bibls\XlShared.vcxproj C:\Users\prueker\AppData\Local\Temp\pak23764.0\00_XlShared.vcxproj_v8_v9_merged (copy theirs)
resolve3 C:\Users\prueker\AppData\Local\Temp\pak23764.0\01_Xlapi.ts_v9 C:\Users\prueker\AppData\Local\Temp\pak23764.0\01_Xlapi.ts_v9_changed D:\Office\dev\xlshared\src\Api\jscript\Xlapi.ts C:\Users\prueker\AppData\Local\Temp\pak23764.0\01_Xlapi.ts_v9_merged (copy theirs)
resolve3 C:\Users\prueker\AppData\Local\Temp\pak23764.0\02_ExcelApi.cs_v9 C:\Users\prueker\AppData\Local\Temp\pak23764.0\02_ExcelApi.cs_v9_changed D:\Office\dev\xlshared\src\Api\Metadata\Current\ExcelApi.cs C:\Users\prueker\AppData\Local\Temp\pak23764.0\02_ExcelApi.cs_v9_v10_merged (copy theirs)
resolve3 C:\Users\prueker\AppData\Local\Temp\pak23764.0\03_Range.cpp_v7 C:\Users\prueker\AppData\Local\Temp\pak23764.0\03_Range.cpp_v7_changed D:\Office\dev\xlshared\src\Api\Range.cpp C:\Users\prueker\AppData\Local\Temp\pak23764.0\03_Range.cpp_v7_v8_merged (merge)
resolve3 C:\Users\prueker\AppData\Local\Temp\pak23764.0\04_Range.disp.cpp_v7 C:\Users\prueker\AppData\Local\Temp\pak23764.0\04_Range.disp.cpp_v7_changed D:\Office\dev\xlshared\src\Api\Range.disp.cpp C:\Users\prueker\AppData\Local\Temp\pak23764.0\04_Range.disp.cpp_v7_v8_merged (merge)
resolve3 C:\Users\prueker\AppData\Local\Temp\pak23764.0\05_RangeHelper.cpp_v3 C:\Users\prueker\AppData\Local\Temp\pak23764.0\05_RangeHelper.cpp_v3_changed D:\Office\dev\xlshared\src\Api\RangeHelper.cpp C:\Users\prueker\AppData\Local\Temp\pak23764.0\05_RangeHelper.cpp_v3_merged (copy theirs)
resolve3 C:\Users\prueker\AppData\Local\Temp\pak23764.0\06_RangeHelper.h_v2 C:\Users\prueker\AppData\Local\Temp\pak23764.0\06_RangeHelper.h_v2_changed D:\Office\dev\xlshared\src\Api\RangeHelper.h C:\Users\prueker\AppData\Local\Temp\pak23764.0\06_RangeHelper.h_v2_merged (copy theirs)
resolve3 C:\Users\prueker\AppData\Local\Temp\pak23764.0\07_RichApiRangeFormulaTest.cpp_v4 C:\Users\prueker\AppData\Local\Temp\pak23764.0\07_RichApiRangeFormulaTest.cpp_v4_changed D:\Office\dev\xlshared\src\Api\test\RichApiRangeFormulaTest.cpp C:\Users\prueker\AppData\Local\Temp\pak23764.0\07_RichApiRangeFormulaTest.cpp_v4_merged (copy theirs)
resolve3 C:\Users\prueker\AppData\Local\Temp\pak23764.0\08_RichApiRangeTest.cpp_v5 C:\Users\prueker\AppData\Local\Temp\pak23764.0\08_RichApiRangeTest.cpp_v5_changed D:\Office\dev\xlshared\src\Api\test\RichApiRangeTest.cpp C:\Users\prueker\AppData\Local\Temp\pak23764.0\08_RichApiRangeTest.cpp_v5_merged (copy theirs)
resolve3 C:\Users\prueker\AppData\Local\Temp\pak23764.0\11_sources_v3 C:\Users\prueker\AppData\Local\Temp\pak23764.0\11_sources_v3_changed D:\Office\dev\xlshared\src\Api\test\Subsystem\sources C:\Users\prueker\AppData\Local\Temp\pak23764.0\11_sources_v3_merged (copy theirs)
resolve3 C:\Users\prueker\AppData\Local\Temp\pak23764.0\12_Workbook.disp.cpp_v5 C:\Users\prueker\AppData\Local\Temp\pak23764.0\12_Workbook.disp.cpp_v5_changed D:\Office\dev\xlshared\src\Api\Workbook.disp.cpp C:\Users\prueker\AppData\Local\Temp\pak23764.0\12_Workbook.disp.cpp_v5_merged (copy theirs)
resolve3 C:\Users\prueker\AppData\Local\Temp\pak23764.0\13_Xlapi.h_v9 C:\Users\prueker\AppData\Local\Temp\pak23764.0\13_Xlapi.h_v9_changed D:\Office\dev\xlshared\src\Api\Xlapi.h C:\Users\prueker\AppData\Local\Temp\pak23764.0\13_Xlapi.h_v9_merged (copy theirs)
resolve3 C:\Users\prueker\AppData\Local\Temp\pak23764.0\14_Xlapi.idl_v9 C:\Users\prueker\AppData\Local\Temp\pak23764.0\14_Xlapi.idl_v9_changed D:\Office\dev\xlshared\src\Api\Xlapi.idl C:\Users\prueker\AppData\Local\Temp\pak23764.0\14_Xlapi.idl_v9_merged (copy theirs)
resolve3 C:\Users\prueker\AppData\Local\Temp\pak23764.0\15_Xlapi_i.h_v9 C:\Users\prueker\AppData\Local\Temp\pak23764.0\15_Xlapi_i.h_v9_changed D:\Office\dev\xlshared\src\Api\Xlapi_i.h C:\Users\prueker\AppData\Local\Temp\pak23764.0\15_Xlapi_i.h_v9_merged (copy theirs)
resolve3 C:\Users\prueker\AppData\Local\Temp\pak23764.0\16_XlapiTypeReg.cpp_v9 C:\Users\prueker\AppData\Local\Temp\pak23764.0\16_XlapiTypeReg.cpp_v9_changed D:\Office\dev\xlshared\src\Api\XlapiTypeReg.cpp C:\Users\prueker\AppData\Local\Temp\pak23764.0\16_XlapiTypeReg.cpp_v9_merged (copy theirs)
resolve3 D:\Office\dev\xlshared\src\test\repository\RichApiRange.xlsx C:\Users\prueker\AppData\Local\Temp\pak23764.0\17_RichApiRange.xlsx_v2_changed D:\Office\dev\xlshared\src\test\repository\RichApiRange.xlsx C:\Users\prueker\AppData\Local\Temp\pak23764.0\17_RichApiRange.xlsx_v2_merged (copy theirs)
sd reopen -c 10130414 D:\Office\dev\bibls\XlShared.vcxproj D:\Office\dev\xlshared\src\Api\Metadata\Current\ExcelApi.cs
sd edit -c 10130414 D:\Office\dev\xlshared\src\Api\jscript\Xlapi.ts D:\Office\dev\xlshared\src\Api\Range.cpp D:\Office\dev\xlshared\src\Api\Range.disp.cpp D:\Office\dev\xlshared\src\Api\RangeHelper.cpp D:\Office\dev\xlshared\src\Api\RangeHelper.h D:\Office\dev\xlshared\src\Api\test\RichApiRangeFormulaTest.cpp D:\Office\dev\xlshared\src\Api\test\RichApiRangeTest.cpp D:\Office\dev\xlshared\src\Api\test\Subsystem\sources D:\Office\dev\xlshared\src\Api\Workbook.disp.cpp D:\Office\dev\xlshared\src\Api\Xlapi.h D:\Office\dev\xlshared\src\Api\Xlapi.idl D:\Office\dev\xlshared\src\Api\Xlapi_i.h D:\Office\dev\xlshared\src\Api\XlapiTypeReg.cpp D:\Office\dev\xlshared\src\test\repository\RichApiRange.xlsx
copy C:\Users\prueker\AppData\Local\Temp\pak23764.0\00_XlShared.vcxproj_v8_v9_merged D:\Office\dev\bibls\XlShared.vcxproj
copy C:\Users\prueker\AppData\Local\Temp\pak23764.0\01_Xlapi.ts_v9_merged D:\Office\dev\xlshared\src\Api\jscript\Xlapi.ts
copy C:\Users\prueker\AppData\Local\Temp\pak23764.0\02_ExcelApi.cs_v9_v10_merged D:\Office\dev\xlshared\src\Api\Metadata\Current\ExcelApi.cs
copy C:\Users\prueker\AppData\Local\Temp\pak23764.0\03_Range.cpp_v7_v8_merged D:\Office\dev\xlshared\src\Api\Range.cpp
copy C:\Users\prueker\AppData\Local\Temp\pak23764.0\04_Range.disp.cpp_v7_v8_merged D:\Office\dev\xlshared\src\Api\Range.disp.cpp
copy C:\Users\prueker\AppData\Local\Temp\pak23764.0\05_RangeHelper.cpp_v3_merged D:\Office\dev\xlshared\src\Api\RangeHelper.cpp
copy C:\Users\prueker\AppData\Local\Temp\pak23764.0\06_RangeHelper.h_v2_merged D:\Office\dev\xlshared\src\Api\RangeHelper.h
copy C:\Users\prueker\AppData\Local\Temp\pak23764.0\07_RichApiRangeFormulaTest.cpp_v4_merged D:\Office\dev\xlshared\src\Api\test\RichApiRangeFormulaTest.cpp
copy C:\Users\prueker\AppData\Local\Temp\pak23764.0\08_RichApiRangeTest.cpp_v5_merged D:\Office\dev\xlshared\src\Api\test\RichApiRangeTest.cpp
copy C:\Users\prueker\AppData\Local\Temp\pak23764.0\09_RichApiTestHelper.cpp_v0_changed D:\Office\dev\xlshared\src\Api\test\RichApiTestHelper.cpp
copy C:\Users\prueker\AppData\Local\Temp\pak23764.0\10_RichApiTestHelper.h_v0_changed D:\Office\dev\xlshared\src\Api\test\RichApiTestHelper.h
copy C:\Users\prueker\AppData\Local\Temp\pak23764.0\11_sources_v3_merged D:\Office\dev\xlshared\src\Api\test\Subsystem\sources
copy C:\Users\prueker\AppData\Local\Temp\pak23764.0\12_Workbook.disp.cpp_v5_merged D:\Office\dev\xlshared\src\Api\Workbook.disp.cpp
copy C:\Users\prueker\AppData\Local\Temp\pak23764.0\13_Xlapi.h_v9_merged D:\Office\dev\xlshared\src\Api\Xlapi.h
copy C:\Users\prueker\AppData\Local\Temp\pak23764.0\14_Xlapi.idl_v9_merged D:\Office\dev\xlshared\src\Api\Xlapi.idl
copy C:\Users\prueker\AppData\Local\Temp\pak23764.0\15_Xlapi_i.h_v9_merged D:\Office\dev\xlshared\src\Api\Xlapi_i.h
copy C:\Users\prueker\AppData\Local\Temp\pak23764.0\16_XlapiTypeReg.cpp_v9_merged D:\Office\dev\xlshared\src\Api\XlapiTypeReg.cpp
copy C:\Users\prueker\AppData\Local\Temp\pak23764.0\17_RichApiRange.xlsx_v2_merged D:\Office\dev\xlshared\src\test\repository\RichApiRange.xlsx
sd add -t text -f -c 10130414 D:\Office\dev\xlshared\src\Api\test\RichApiTestHelper.cpp D:\Office\dev\xlshared\src\Api\test\RichApiTestHelper.h
